<?xml version="1.0" encoding="UTF-8"?>
<!-- Generated by org.testng.reporters.JUnitReportReporter -->
<testsuite skipped="0" hostname="PAVAN-PC" name="com.crm.qa.TestRunner.TestRunnerClass" tests="1" failures="0" timestamp="09 Jun 2019 18:10:00 GMT" time="42.697" errors="0">
  <testcase name="feature" time="42.697" classname="com.crm.qa.TestRunner.TestRunnerClass"/>
</testsuite> <!-- com.crm.qa.TestRunner.TestRunnerClass -->
