<?xml version="1.0" encoding="UTF-8"?>
<!-- Generated by org.testng.reporters.JUnitReportReporter -->
<testsuite hostname="Admin-PC" name="com.crm.qa.TestRunner.TestRunnerClass" tests="2" failures="0" timestamp="7 Jul 2019 10:25:46 GMT" time="90.756" errors="0">
  <testcase name="feature" time="56.472" classname="com.crm.qa.TestRunner.TestRunnerClass"/>
  <testcase name="feature" time="34.284" classname="com.crm.qa.TestRunner.TestRunnerClass"/>
</testsuite> <!-- com.crm.qa.TestRunner.TestRunnerClass -->
