<?xml version="1.0" encoding="UTF-8"?>
<!-- Generated by org.testng.reporters.JUnitReportReporter -->
<testsuite hostname="Admin-PC" name="com.crm.qa.TestRunner.TestRunnerClass" tests="2" failures="0" timestamp="17 Oct 2019 17:40:13 GMT" time="50.875" errors="0">
  <testcase name="feature" time="32.489" classname="com.crm.qa.TestRunner.TestRunnerClass"/>
  <testcase name="feature" time="18.386" classname="com.crm.qa.TestRunner.TestRunnerClass"/>
</testsuite> <!-- com.crm.qa.TestRunner.TestRunnerClass -->
