<?xml version="1.0" encoding="UTF-8"?>
<!-- Generated by org.testng.reporters.JUnitReportReporter -->
<testsuite hostname="Admin-PC" name="com.crm.qa.TestRunner.TestRunnerFile" tests="1" failures="0" timestamp="22 Dec 2019 11:45:49 GMT" time="43.392" errors="0">
  <testcase name="feature" time="43.392" classname="com.crm.qa.TestRunner.TestRunnerFile"/>
</testsuite> <!-- com.crm.qa.TestRunner.TestRunnerFile -->
