<?xml version="1.0" encoding="UTF-8"?>
<!-- Generated by org.testng.reporters.JUnitReportReporter -->
<testsuite skipped="0" hostname="PAVAN-PC" name="com.crm.qa.TestRunner.TestRunnerClass" tests="2" failures="0" timestamp="11 Jun 2019 15:01:29 GMT" time="65.486" errors="0">
  <testcase name="feature" time="44.646" classname="com.crm.qa.TestRunner.TestRunnerClass"/>
  <testcase name="feature" time="20.840" classname="com.crm.qa.TestRunner.TestRunnerClass"/>
</testsuite> <!-- com.crm.qa.TestRunner.TestRunnerClass -->
