<?xml version="1.0" encoding="UTF-8"?>
<!-- Generated by org.testng.reporters.JUnitReportReporter -->
<testsuite skipped="0" hostname="PAVAN-PC" name="com.crm.qa.TestRunner.TestRunnerClass" tests="2" failures="0" timestamp="10 Jun 2019 15:59:13 GMT" time="85.220" errors="0">
  <testcase name="feature" time="28.285" classname="com.crm.qa.TestRunner.TestRunnerClass"/>
  <testcase name="feature" time="56.935" classname="com.crm.qa.TestRunner.TestRunnerClass"/>
</testsuite> <!-- com.crm.qa.TestRunner.TestRunnerClass -->
