<?xml version="1.0" encoding="UTF-8"?>
<!-- Generated by org.testng.reporters.JUnitReportReporter -->
<testsuite skipped="0" hostname="PAVAN-PC" name="com.crm.qa.TestRunner.TestRunnerClass" tests="1" failures="0" timestamp="08 Jun 2019 15:15:01 GMT" time="54.343" errors="0">
  <testcase name="feature" time="54.343" classname="com.crm.qa.TestRunner.TestRunnerClass"/>
</testsuite> <!-- com.crm.qa.TestRunner.TestRunnerClass -->
