<?xml version="1.0" encoding="UTF-8"?>
<!-- Generated by org.testng.reporters.JUnitReportReporter -->
<testsuite skipped="0" hostname="PAVAN-PC" name="com.crm.qa.TestRunner.TestRunnerClass" tests="1" failures="0" timestamp="10 Jun 2019 15:19:45 GMT" time="35.678" errors="0">
  <testcase name="feature" time="35.678" classname="com.crm.qa.TestRunner.TestRunnerClass"/>
</testsuite> <!-- com.crm.qa.TestRunner.TestRunnerClass -->
